{"__type":"$$EventMessageAudit","id":"49e58932-611b-4c10-a101-8551295942e5","ts":"2026-05-18T04:36:35.090-03:00","eventName":"n8n.audit.workflow.executed","message":"n8n.audit.workflow.executed","payload":{"userId":"96f73f6e-e147-4b7c-8ba8-1b27a854bf68","_email":"jefferson.admsistemas@gmail.com","_firstName":"Jefferson","_lastName":"Silva","globalRole":"global:owner","workflowId":"lVtYfbCUXWv3Arnr","workflowName":"My workflow","executionId":"53","source":"user-manual"}}
{"__type":"$$EventMessageConfirm","confirm":"49e58932-611b-4c10-a101-8551295942e5","ts":"2026-05-18T04:36:35.090-03:00","source":{"id":"0","name":"eventBus"}}
{"__type":"$$EventMessageWorkflow","id":"65e20142-708a-4c11-91af-ed018f58562f","ts":"2026-05-18T04:36:35.090-03:00","eventName":"n8n.workflow.started","message":"n8n.workflow.started","payload":{"executionId":"53","workflowId":"lVtYfbCUXWv3Arnr","isManual":false,"mode":"manual","workflowName":"My workflow","projectId":"pzf4zflAEflwITXx","projectName":"Jefferson Silva <jefferson.admsistemas@gmail.com>"}}
{"__type":"$$EventMessageConfirm","confirm":"65e20142-708a-4c11-91af-ed018f58562f","ts":"2026-05-18T04:36:35.090-03:00","source":{"id":"0","name":"eventBus"}}
{"__type":"$$EventMessageNode","id":"cb6ce88c-0efc-4fa3-9b9b-259a5446ee2d","ts":"2026-05-18T04:36:35.096-03:00","eventName":"n8n.node.started","message":"n8n.node.started","payload":{"workflowId":"lVtYfbCUXWv3Arnr","workflowName":"My workflow","executionId":"53","nodeType":"n8n-nodes-base.manualTrigger","nodeName":"When clicking ‘Execute workflow’","nodeId":"2fcbf10a-2646-4fe0-84a3-8f321db66602"}}
{"__type":"$$EventMessageConfirm","confirm":"cb6ce88c-0efc-4fa3-9b9b-259a5446ee2d","ts":"2026-05-18T04:36:35.096-03:00","source":{"id":"0","name":"eventBus"}}
{"__type":"$$EventMessageNode","id":"a94ba4f7-aaa7-4121-9e13-13891af58a7d","ts":"2026-05-18T04:36:35.099-03:00","eventName":"n8n.node.finished","message":"n8n.node.finished","payload":{"workflowId":"lVtYfbCUXWv3Arnr","workflowName":"My workflow","executionId":"53","nodeType":"n8n-nodes-base.manualTrigger","nodeName":"When clicking ‘Execute workflow’","nodeId":"2fcbf10a-2646-4fe0-84a3-8f321db66602"}}
{"__type":"$$EventMessageConfirm","confirm":"a94ba4f7-aaa7-4121-9e13-13891af58a7d","ts":"2026-05-18T04:36:35.099-03:00","source":{"id":"0","name":"eventBus"}}
{"__type":"$$EventMessageNode","id":"522a9846-44c4-48fc-811e-5d7078f6bd34","ts":"2026-05-18T04:36:35.100-03:00","eventName":"n8n.node.started","message":"n8n.node.started","payload":{"workflowId":"lVtYfbCUXWv3Arnr","workflowName":"My workflow","executionId":"53","nodeType":"CUSTOM.shopeeAffiliate","nodeName":"Shopee Affiliate","nodeId":"97747dcf-5e37-418c-add9-83de99782f10"}}
{"__type":"$$EventMessageConfirm","confirm":"522a9846-44c4-48fc-811e-5d7078f6bd34","ts":"2026-05-18T04:36:35.100-03:00","source":{"id":"0","name":"eventBus"}}
{"__type":"$$EventMessageNode","id":"1398955a-c68a-4af4-80bb-7a621818f896","ts":"2026-05-18T04:36:35.920-03:00","eventName":"n8n.node.finished","message":"n8n.node.finished","payload":{"workflowId":"lVtYfbCUXWv3Arnr","workflowName":"My workflow","executionId":"53","nodeType":"CUSTOM.shopeeAffiliate","nodeName":"Shopee Affiliate","nodeId":"97747dcf-5e37-418c-add9-83de99782f10"}}
{"__type":"$$EventMessageConfirm","confirm":"1398955a-c68a-4af4-80bb-7a621818f896","ts":"2026-05-18T04:36:35.920-03:00","source":{"id":"0","name":"eventBus"}}
{"__type":"$$EventMessageWorkflow","id":"44b27152-dbb3-4c6a-bd1e-7bf68382c55f","ts":"2026-05-18T04:36:35.924-03:00","eventName":"n8n.workflow.success","message":"n8n.workflow.success","payload":{"userId":"96f73f6e-e147-4b7c-8ba8-1b27a854bf68","executionId":"53","success":true,"isManual":true,"mode":"manual","workflowId":"lVtYfbCUXWv3Arnr","workflowName":"My workflow","projectId":"pzf4zflAEflwITXx","projectName":"Jefferson Silva <jefferson.admsistemas@gmail.com>"}}
{"__type":"$$EventMessageConfirm","confirm":"44b27152-dbb3-4c6a-bd1e-7bf68382c55f","ts":"2026-05-18T04:36:35.924-03:00","source":{"id":"0","name":"eventBus"}}
{"__type":"$$EventMessageAudit","id":"bc54af4d-b82b-419b-83b9-3ea95c19b3ab","ts":"2026-05-18T04:36:53.954-03:00","eventName":"n8n.audit.workflow.updated","message":"n8n.audit.workflow.updated","payload":{"userId":"96f73f6e-e147-4b7c-8ba8-1b27a854bf68","_email":"jefferson.admsistemas@gmail.com","_firstName":"Jefferson","_lastName":"Silva","globalRole":"global:owner","workflowId":"lVtYfbCUXWv3Arnr","workflowName":"My workflow"}}
{"__type":"$$EventMessageConfirm","confirm":"bc54af4d-b82b-419b-83b9-3ea95c19b3ab","ts":"2026-05-18T04:36:53.954-03:00","source":{"id":"0","name":"eventBus"}}
{"__type":"$$EventMessageAudit","id":"c46ca5c9-ca84-4293-927f-035d76dfe4b1","ts":"2026-05-18T04:37:04.223-03:00","eventName":"n8n.audit.workflow.updated","message":"n8n.audit.workflow.updated","payload":{"userId":"96f73f6e-e147-4b7c-8ba8-1b27a854bf68","_email":"jefferson.admsistemas@gmail.com","_firstName":"Jefferson","_lastName":"Silva","globalRole":"global:owner","workflowId":"lVtYfbCUXWv3Arnr","workflowName":"My workflow"}}
{"__type":"$$EventMessageConfirm","confirm":"c46ca5c9-ca84-4293-927f-035d76dfe4b1","ts":"2026-05-18T04:37:04.223-03:00","source":{"id":"0","name":"eventBus"}}
{"__type":"$$EventMessageAudit","id":"72eb2072-ceb8-4552-9152-9d7878895c96","ts":"2026-05-18T04:37:06.034-03:00","eventName":"n8n.audit.workflow.updated","message":"n8n.audit.workflow.updated","payload":{"userId":"96f73f6e-e147-4b7c-8ba8-1b27a854bf68","_email":"jefferson.admsistemas@gmail.com","_firstName":"Jefferson","_lastName":"Silva","globalRole":"global:owner","workflowId":"lVtYfbCUXWv3Arnr","workflowName":"My workflow"}}
{"__type":"$$EventMessageConfirm","confirm":"72eb2072-ceb8-4552-9152-9d7878895c96","ts":"2026-05-18T04:37:06.034-03:00","source":{"id":"0","name":"eventBus"}}
{"__type":"$$EventMessageAudit","id":"4989cb65-5015-4731-9fc5-890dfdd4b35a","ts":"2026-05-18T04:37:07.610-03:00","eventName":"n8n.audit.workflow.updated","message":"n8n.audit.workflow.updated","payload":{"userId":"96f73f6e-e147-4b7c-8ba8-1b27a854bf68","_email":"jefferson.admsistemas@gmail.com","_firstName":"Jefferson","_lastName":"Silva","globalRole":"global:owner","workflowId":"lVtYfbCUXWv3Arnr","workflowName":"My workflow"}}
{"__type":"$$EventMessageConfirm","confirm":"4989cb65-5015-4731-9fc5-890dfdd4b35a","ts":"2026-05-18T04:37:07.610-03:00","source":{"id":"0","name":"eventBus"}}
{"__type":"$$EventMessageAudit","id":"31207e20-dd7a-4fd1-929f-a34ae0e23cf0","ts":"2026-05-18T04:37:11.991-03:00","eventName":"n8n.audit.workflow.updated","message":"n8n.audit.workflow.updated","payload":{"userId":"96f73f6e-e147-4b7c-8ba8-1b27a854bf68","_email":"jefferson.admsistemas@gmail.com","_firstName":"Jefferson","_lastName":"Silva","globalRole":"global:owner","workflowId":"lVtYfbCUXWv3Arnr","workflowName":"My workflow"}}
{"__type":"$$EventMessageConfirm","confirm":"31207e20-dd7a-4fd1-929f-a34ae0e23cf0","ts":"2026-05-18T04:37:11.991-03:00","source":{"id":"0","name":"eventBus"}}
{"__type":"$$EventMessageAudit","id":"4162017a-f9a5-45e7-a70e-7f1f46ca59b3","ts":"2026-05-18T04:37:14.358-03:00","eventName":"n8n.audit.workflow.updated","message":"n8n.audit.workflow.updated","payload":{"userId":"96f73f6e-e147-4b7c-8ba8-1b27a854bf68","_email":"jefferson.admsistemas@gmail.com","_firstName":"Jefferson","_lastName":"Silva","globalRole":"global:owner","workflowId":"lVtYfbCUXWv3Arnr","workflowName":"My workflow"}}
{"__type":"$$EventMessageConfirm","confirm":"4162017a-f9a5-45e7-a70e-7f1f46ca59b3","ts":"2026-05-18T04:37:14.358-03:00","source":{"id":"0","name":"eventBus"}}
{"__type":"$$EventMessageAudit","id":"3de212c2-8341-4f52-9add-72d6b452e66b","ts":"2026-05-18T04:37:30.427-03:00","eventName":"n8n.audit.workflow.updated","message":"n8n.audit.workflow.updated","payload":{"userId":"96f73f6e-e147-4b7c-8ba8-1b27a854bf68","_email":"jefferson.admsistemas@gmail.com","_firstName":"Jefferson","_lastName":"Silva","globalRole":"global:owner","workflowId":"lVtYfbCUXWv3Arnr","workflowName":"My workflow"}}
{"__type":"$$EventMessageConfirm","confirm":"3de212c2-8341-4f52-9add-72d6b452e66b","ts":"2026-05-18T04:37:30.427-03:00","source":{"id":"0","name":"eventBus"}}
{"__type":"$$EventMessageAudit","id":"f6b1d336-7f83-4fe6-b122-3eb42236f4c4","ts":"2026-05-18T04:38:48.174-03:00","eventName":"n8n.audit.workflow.updated","message":"n8n.audit.workflow.updated","payload":{"userId":"96f73f6e-e147-4b7c-8ba8-1b27a854bf68","_email":"jefferson.admsistemas@gmail.com","_firstName":"Jefferson","_lastName":"Silva","globalRole":"global:owner","workflowId":"lVtYfbCUXWv3Arnr","workflowName":"My workflow"}}
{"__type":"$$EventMessageConfirm","confirm":"f6b1d336-7f83-4fe6-b122-3eb42236f4c4","ts":"2026-05-18T04:38:48.174-03:00","source":{"id":"0","name":"eventBus"}}
{"__type":"$$EventMessageAudit","id":"957bf9e7-185c-4c86-8082-431a25dd7c84","ts":"2026-05-18T04:39:32.989-03:00","eventName":"n8n.audit.workflow.updated","message":"n8n.audit.workflow.updated","payload":{"userId":"96f73f6e-e147-4b7c-8ba8-1b27a854bf68","_email":"jefferson.admsistemas@gmail.com","_firstName":"Jefferson","_lastName":"Silva","globalRole":"global:owner","workflowId":"lVtYfbCUXWv3Arnr","workflowName":"My workflow"}}
{"__type":"$$EventMessageConfirm","confirm":"957bf9e7-185c-4c86-8082-431a25dd7c84","ts":"2026-05-18T04:39:32.990-03:00","source":{"id":"0","name":"eventBus"}}
{"__type":"$$EventMessageAudit","id":"5c304d06-d949-4227-b193-112b075aee00","ts":"2026-05-18T04:40:05.505-03:00","eventName":"n8n.audit.workflow.updated","message":"n8n.audit.workflow.updated","payload":{"userId":"96f73f6e-e147-4b7c-8ba8-1b27a854bf68","_email":"jefferson.admsistemas@gmail.com","_firstName":"Jefferson","_lastName":"Silva","globalRole":"global:owner","workflowId":"lVtYfbCUXWv3Arnr","workflowName":"My workflow"}}
{"__type":"$$EventMessageConfirm","confirm":"5c304d06-d949-4227-b193-112b075aee00","ts":"2026-05-18T04:40:05.505-03:00","source":{"id":"0","name":"eventBus"}}
{"__type":"$$EventMessageAudit","id":"5c31998b-f79e-43a4-8dee-9461158e006d","ts":"2026-05-18T04:40:12.410-03:00","eventName":"n8n.audit.workflow.updated","message":"n8n.audit.workflow.updated","payload":{"userId":"96f73f6e-e147-4b7c-8ba8-1b27a854bf68","_email":"jefferson.admsistemas@gmail.com","_firstName":"Jefferson","_lastName":"Silva","globalRole":"global:owner","workflowId":"lVtYfbCUXWv3Arnr","workflowName":"My workflow"}}
{"__type":"$$EventMessageConfirm","confirm":"5c31998b-f79e-43a4-8dee-9461158e006d","ts":"2026-05-18T04:40:12.410-03:00","source":{"id":"0","name":"eventBus"}}
{"__type":"$$EventMessageAudit","id":"f31344e9-772e-442d-a57d-8fd20d36f919","ts":"2026-05-18T04:40:12.710-03:00","eventName":"n8n.audit.workflow.executed","message":"n8n.audit.workflow.executed","payload":{"userId":"96f73f6e-e147-4b7c-8ba8-1b27a854bf68","_email":"jefferson.admsistemas@gmail.com","_firstName":"Jefferson","_lastName":"Silva","globalRole":"global:owner","workflowId":"lVtYfbCUXWv3Arnr","workflowName":"My workflow","executionId":"54","source":"user-manual"}}
{"__type":"$$EventMessageConfirm","confirm":"f31344e9-772e-442d-a57d-8fd20d36f919","ts":"2026-05-18T04:40:12.710-03:00","source":{"id":"0","name":"eventBus"}}
{"__type":"$$EventMessageWorkflow","id":"271ef52e-3912-4daf-b976-1d04f30a9cf6","ts":"2026-05-18T04:40:12.710-03:00","eventName":"n8n.workflow.started","message":"n8n.workflow.started","payload":{"executionId":"54","workflowId":"lVtYfbCUXWv3Arnr","isManual":false,"mode":"manual","workflowName":"My workflow","projectId":"pzf4zflAEflwITXx","projectName":"Jefferson Silva <jefferson.admsistemas@gmail.com>"}}
{"__type":"$$EventMessageConfirm","confirm":"271ef52e-3912-4daf-b976-1d04f30a9cf6","ts":"2026-05-18T04:40:12.710-03:00","source":{"id":"0","name":"eventBus"}}
{"__type":"$$EventMessageNode","id":"fe933149-9e72-42d2-a5aa-d805c4994a5d","ts":"2026-05-18T04:40:12.720-03:00","eventName":"n8n.node.started","message":"n8n.node.started","payload":{"workflowId":"lVtYfbCUXWv3Arnr","workflowName":"My workflow","executionId":"54","nodeType":"n8n-nodes-base.extractFromFile","nodeName":"Extract from File","nodeId":"e77789b3-e30a-4f9b-b66f-ad66588210e4"}}
{"__type":"$$EventMessageConfirm","confirm":"fe933149-9e72-42d2-a5aa-d805c4994a5d","ts":"2026-05-18T04:40:12.720-03:00","source":{"id":"0","name":"eventBus"}}
{"__type":"$$EventMessageNode","id":"76f46f23-f15d-49c6-9cb3-605f4730129b","ts":"2026-05-18T04:40:12.735-03:00","eventName":"n8n.node.finished","message":"n8n.node.finished","payload":{"workflowId":"lVtYfbCUXWv3Arnr","workflowName":"My workflow","executionId":"54","nodeType":"n8n-nodes-base.extractFromFile","nodeName":"Extract from File","nodeId":"e77789b3-e30a-4f9b-b66f-ad66588210e4"}}
{"__type":"$$EventMessageConfirm","confirm":"76f46f23-f15d-49c6-9cb3-605f4730129b","ts":"2026-05-18T04:40:12.735-03:00","source":{"id":"0","name":"eventBus"}}
{"__type":"$$EventMessageWorkflow","id":"ba91fea0-0939-4775-85f8-69d47bbd64ca","ts":"2026-05-18T04:40:12.737-03:00","eventName":"n8n.workflow.failed","message":"n8n.workflow.failed","payload":{"userId":"96f73f6e-e147-4b7c-8ba8-1b27a854bf68","executionId":"54","success":false,"isManual":true,"mode":"manual","workflowId":"lVtYfbCUXWv3Arnr","workflowName":"My workflow","projectId":"pzf4zflAEflwITXx","projectName":"Jefferson Silva <jefferson.admsistemas@gmail.com>","lastNodeExecuted":"Extract from File","errorNodeType":"n8n-nodes-base.extractFromFile","errorMessage":"This operation expects the node's input data to contain a binary file 'data', but none was found [item 0]"}}
{"__type":"$$EventMessageConfirm","confirm":"ba91fea0-0939-4775-85f8-69d47bbd64ca","ts":"2026-05-18T04:40:12.737-03:00","source":{"id":"0","name":"eventBus"}}
{"__type":"$$EventMessageAudit","id":"eba3a0c9-4f08-450b-80c4-71853d0ac8c7","ts":"2026-05-18T04:40:30.733-03:00","eventName":"n8n.audit.workflow.updated","message":"n8n.audit.workflow.updated","payload":{"userId":"96f73f6e-e147-4b7c-8ba8-1b27a854bf68","_email":"jefferson.admsistemas@gmail.com","_firstName":"Jefferson","_lastName":"Silva","globalRole":"global:owner","workflowId":"lVtYfbCUXWv3Arnr","workflowName":"My workflow"}}
{"__type":"$$EventMessageConfirm","confirm":"eba3a0c9-4f08-450b-80c4-71853d0ac8c7","ts":"2026-05-18T04:40:30.733-03:00","source":{"id":"0","name":"eventBus"}}
{"__type":"$$EventMessageAudit","id":"9afcea4d-e8ed-4940-a25f-b149239a69ba","ts":"2026-05-18T04:40:48.014-03:00","eventName":"n8n.audit.workflow.updated","message":"n8n.audit.workflow.updated","payload":{"userId":"96f73f6e-e147-4b7c-8ba8-1b27a854bf68","_email":"jefferson.admsistemas@gmail.com","_firstName":"Jefferson","_lastName":"Silva","globalRole":"global:owner","workflowId":"lVtYfbCUXWv3Arnr","workflowName":"My workflow"}}
{"__type":"$$EventMessageConfirm","confirm":"9afcea4d-e8ed-4940-a25f-b149239a69ba","ts":"2026-05-18T04:40:48.014-03:00","source":{"id":"0","name":"eventBus"}}
{"__type":"$$EventMessageWorkflow","id":"10bdad7e-07cf-4f84-af5c-6b3ee730d560","ts":"2026-05-18T04:40:49.707-03:00","eventName":"n8n.workflow.failed","message":"n8n.workflow.failed","payload":{"userId":"96f73f6e-e147-4b7c-8ba8-1b27a854bf68","executionId":"55","success":false,"isManual":true,"mode":"manual","workflowId":"lVtYfbCUXWv3Arnr","workflowName":"My workflow","projectId":"pzf4zflAEflwITXx","projectName":"Jefferson Silva <jefferson.admsistemas@gmail.com>","errorMessage":"The workflow has issues and cannot be executed for that reason. Please fix them first."}}
{"__type":"$$EventMessageConfirm","confirm":"10bdad7e-07cf-4f84-af5c-6b3ee730d560","ts":"2026-05-18T04:40:49.707-03:00","source":{"id":"0","name":"eventBus"}}
{"__type":"$$EventMessageAudit","id":"5b0b6c58-e0e0-4be0-989e-472803351409","ts":"2026-05-18T04:40:58.389-03:00","eventName":"n8n.audit.workflow.updated","message":"n8n.audit.workflow.updated","payload":{"userId":"96f73f6e-e147-4b7c-8ba8-1b27a854bf68","_email":"jefferson.admsistemas@gmail.com","_firstName":"Jefferson","_lastName":"Silva","globalRole":"global:owner","workflowId":"lVtYfbCUXWv3Arnr","workflowName":"My workflow"}}
{"__type":"$$EventMessageConfirm","confirm":"5b0b6c58-e0e0-4be0-989e-472803351409","ts":"2026-05-18T04:40:58.389-03:00","source":{"id":"0","name":"eventBus"}}
{"__type":"$$EventMessageAudit","id":"965c56ad-a41b-4230-8de3-9cc39d4cecb2","ts":"2026-05-18T04:41:13.523-03:00","eventName":"n8n.audit.workflow.updated","message":"n8n.audit.workflow.updated","payload":{"userId":"96f73f6e-e147-4b7c-8ba8-1b27a854bf68","_email":"jefferson.admsistemas@gmail.com","_firstName":"Jefferson","_lastName":"Silva","globalRole":"global:owner","workflowId":"lVtYfbCUXWv3Arnr","workflowName":"My workflow"}}
{"__type":"$$EventMessageConfirm","confirm":"965c56ad-a41b-4230-8de3-9cc39d4cecb2","ts":"2026-05-18T04:41:13.523-03:00","source":{"id":"0","name":"eventBus"}}
{"__type":"$$EventMessageAudit","id":"77239581-f1f3-4161-b9a9-6bcdb49c38f4","ts":"2026-05-18T04:41:26.273-03:00","eventName":"n8n.audit.workflow.updated","message":"n8n.audit.workflow.updated","payload":{"userId":"96f73f6e-e147-4b7c-8ba8-1b27a854bf68","_email":"jefferson.admsistemas@gmail.com","_firstName":"Jefferson","_lastName":"Silva","globalRole":"global:owner","workflowId":"lVtYfbCUXWv3Arnr","workflowName":"My workflow"}}
{"__type":"$$EventMessageConfirm","confirm":"77239581-f1f3-4161-b9a9-6bcdb49c38f4","ts":"2026-05-18T04:41:26.273-03:00","source":{"id":"0","name":"eventBus"}}
{"__type":"$$EventMessageAudit","id":"351602e7-d922-4c2a-b4ab-f865c5c38409","ts":"2026-05-18T04:41:28.071-03:00","eventName":"n8n.audit.workflow.updated","message":"n8n.audit.workflow.updated","payload":{"userId":"96f73f6e-e147-4b7c-8ba8-1b27a854bf68","_email":"jefferson.admsistemas@gmail.com","_firstName":"Jefferson","_lastName":"Silva","globalRole":"global:owner","workflowId":"lVtYfbCUXWv3Arnr","workflowName":"My workflow"}}
{"__type":"$$EventMessageConfirm","confirm":"351602e7-d922-4c2a-b4ab-f865c5c38409","ts":"2026-05-18T04:41:28.071-03:00","source":{"id":"0","name":"eventBus"}}
{"__type":"$$EventMessageAudit","id":"657259ea-5d31-4882-8867-5b0c78e63e66","ts":"2026-05-18T04:41:32.232-03:00","eventName":"n8n.audit.workflow.updated","message":"n8n.audit.workflow.updated","payload":{"userId":"96f73f6e-e147-4b7c-8ba8-1b27a854bf68","_email":"jefferson.admsistemas@gmail.com","_firstName":"Jefferson","_lastName":"Silva","globalRole":"global:owner","workflowId":"lVtYfbCUXWv3Arnr","workflowName":"My workflow"}}
{"__type":"$$EventMessageConfirm","confirm":"657259ea-5d31-4882-8867-5b0c78e63e66","ts":"2026-05-18T04:41:32.232-03:00","source":{"id":"0","name":"eventBus"}}
{"__type":"$$EventMessageAudit","id":"b0713925-d213-4dfe-a257-757d25428b7a","ts":"2026-05-18T04:41:55.290-03:00","eventName":"n8n.audit.workflow.updated","message":"n8n.audit.workflow.updated","payload":{"userId":"96f73f6e-e147-4b7c-8ba8-1b27a854bf68","_email":"jefferson.admsistemas@gmail.com","_firstName":"Jefferson","_lastName":"Silva","globalRole":"global:owner","workflowId":"lVtYfbCUXWv3Arnr","workflowName":"My workflow"}}
{"__type":"$$EventMessageConfirm","confirm":"b0713925-d213-4dfe-a257-757d25428b7a","ts":"2026-05-18T04:41:55.290-03:00","source":{"id":"0","name":"eventBus"}}
{"__type":"$$EventMessageAudit","id":"d715c7fa-d29a-42bc-855b-c6506a2e5b31","ts":"2026-05-18T04:41:55.619-03:00","eventName":"n8n.audit.workflow.executed","message":"n8n.audit.workflow.executed","payload":{"userId":"96f73f6e-e147-4b7c-8ba8-1b27a854bf68","_email":"jefferson.admsistemas@gmail.com","_firstName":"Jefferson","_lastName":"Silva","globalRole":"global:owner","workflowId":"lVtYfbCUXWv3Arnr","workflowName":"My workflow","executionId":"56","source":"user-manual"}}
{"__type":"$$EventMessageConfirm","confirm":"d715c7fa-d29a-42bc-855b-c6506a2e5b31","ts":"2026-05-18T04:41:55.619-03:00","source":{"id":"0","name":"eventBus"}}
{"__type":"$$EventMessageWorkflow","id":"bd391b14-4b67-4c02-8a90-a03b9a11933a","ts":"2026-05-18T04:41:55.619-03:00","eventName":"n8n.workflow.started","message":"n8n.workflow.started","payload":{"executionId":"56","workflowId":"lVtYfbCUXWv3Arnr","isManual":false,"mode":"manual","workflowName":"My workflow","projectId":"pzf4zflAEflwITXx","projectName":"Jefferson Silva <jefferson.admsistemas@gmail.com>"}}
{"__type":"$$EventMessageConfirm","confirm":"bd391b14-4b67-4c02-8a90-a03b9a11933a","ts":"2026-05-18T04:41:55.619-03:00","source":{"id":"0","name":"eventBus"}}
{"__type":"$$EventMessageNode","id":"ce73afe0-4180-4b3b-8cdd-2cde7160aa15","ts":"2026-05-18T04:41:55.625-03:00","eventName":"n8n.node.started","message":"n8n.node.started","payload":{"workflowId":"lVtYfbCUXWv3Arnr","workflowName":"My workflow","executionId":"56","nodeType":"n8n-nodes-base.manualTrigger","nodeName":"When clicking ‘Execute workflow’","nodeId":"2fcbf10a-2646-4fe0-84a3-8f321db66602"}}
{"__type":"$$EventMessageConfirm","confirm":"ce73afe0-4180-4b3b-8cdd-2cde7160aa15","ts":"2026-05-18T04:41:55.625-03:00","source":{"id":"0","name":"eventBus"}}
{"__type":"$$EventMessageNode","id":"63c67683-15cb-45c6-b644-4adb40535f19","ts":"2026-05-18T04:41:55.626-03:00","eventName":"n8n.node.finished","message":"n8n.node.finished","payload":{"workflowId":"lVtYfbCUXWv3Arnr","workflowName":"My workflow","executionId":"56","nodeType":"n8n-nodes-base.manualTrigger","nodeName":"When clicking ‘Execute workflow’","nodeId":"2fcbf10a-2646-4fe0-84a3-8f321db66602"}}
{"__type":"$$EventMessageConfirm","confirm":"63c67683-15cb-45c6-b644-4adb40535f19","ts":"2026-05-18T04:41:55.626-03:00","source":{"id":"0","name":"eventBus"}}
{"__type":"$$EventMessageNode","id":"5cf71efc-330f-4093-a937-d259522431d8","ts":"2026-05-18T04:41:55.626-03:00","eventName":"n8n.node.started","message":"n8n.node.started","payload":{"workflowId":"lVtYfbCUXWv3Arnr","workflowName":"My workflow","executionId":"56","nodeType":"CUSTOM.shopeeAffiliate","nodeName":"Shopee Affiliate","nodeId":"97747dcf-5e37-418c-add9-83de99782f10"}}
{"__type":"$$EventMessageConfirm","confirm":"5cf71efc-330f-4093-a937-d259522431d8","ts":"2026-05-18T04:41:55.626-03:00","source":{"id":"0","name":"eventBus"}}
{"__type":"$$EventMessageNode","id":"ad689f53-dffa-40ad-99af-a7ff59c6dc79","ts":"2026-05-18T04:41:56.461-03:00","eventName":"n8n.node.finished","message":"n8n.node.finished","payload":{"workflowId":"lVtYfbCUXWv3Arnr","workflowName":"My workflow","executionId":"56","nodeType":"CUSTOM.shopeeAffiliate","nodeName":"Shopee Affiliate","nodeId":"97747dcf-5e37-418c-add9-83de99782f10"}}
{"__type":"$$EventMessageConfirm","confirm":"ad689f53-dffa-40ad-99af-a7ff59c6dc79","ts":"2026-05-18T04:41:56.461-03:00","source":{"id":"0","name":"eventBus"}}
{"__type":"$$EventMessageNode","id":"85c15e81-f400-4079-a0a2-42fc3f5bc308","ts":"2026-05-18T04:41:56.462-03:00","eventName":"n8n.node.started","message":"n8n.node.started","payload":{"workflowId":"lVtYfbCUXWv3Arnr","workflowName":"My workflow","executionId":"56","nodeType":"CUSTOM.shopeeAffiliate","nodeName":"Shopee Affiliate1","nodeId":"52f7258b-3aea-4e7d-8123-f9e8e27a3eef"}}
{"__type":"$$EventMessageConfirm","confirm":"85c15e81-f400-4079-a0a2-42fc3f5bc308","ts":"2026-05-18T04:41:56.462-03:00","source":{"id":"0","name":"eventBus"}}
{"__type":"$$EventMessageNode","id":"9de223b0-8b18-4690-b20a-1c3b674de5e2","ts":"2026-05-18T03:41:57.075-04:00","eventName":"n8n.node.finished","message":"n8n.node.finished","payload":{"workflowId":"lVtYfbCUXWv3Arnr","workflowName":"My workflow","executionId":"56","nodeType":"CUSTOM.shopeeAffiliate","nodeName":"Shopee Affiliate1","nodeId":"52f7258b-3aea-4e7d-8123-f9e8e27a3eef"}}
{"__type":"$$EventMessageConfirm","confirm":"9de223b0-8b18-4690-b20a-1c3b674de5e2","ts":"2026-05-18T03:41:57.075-04:00","source":{"id":"0","name":"eventBus"}}
{"__type":"$$EventMessageWorkflow","id":"1970d299-e2a0-4772-b09b-7d696b718527","ts":"2026-05-18T03:41:57.077-04:00","eventName":"n8n.workflow.success","message":"n8n.workflow.success","payload":{"userId":"96f73f6e-e147-4b7c-8ba8-1b27a854bf68","executionId":"56","success":true,"isManual":true,"mode":"manual","workflowId":"lVtYfbCUXWv3Arnr","workflowName":"My workflow","projectId":"pzf4zflAEflwITXx","projectName":"Jefferson Silva <jefferson.admsistemas@gmail.com>"}}
{"__type":"$$EventMessageConfirm","confirm":"1970d299-e2a0-4772-b09b-7d696b718527","ts":"2026-05-18T03:41:57.077-04:00","source":{"id":"0","name":"eventBus"}}
