{"__type":"$$EventMessageAudit","id":"691b87dc-46c9-4d38-a7bf-a954d70877ba","ts":"2026-05-18T03:48:25.623-03:00","eventName":"n8n.audit.workflow.updated","message":"n8n.audit.workflow.updated","payload":{"userId":"96f73f6e-e147-4b7c-8ba8-1b27a854bf68","_email":"jefferson.admsistemas@gmail.com","_firstName":"Jefferson","_lastName":"Silva","globalRole":"global:owner","workflowId":"lVtYfbCUXWv3Arnr","workflowName":"My workflow"}}
{"__type":"$$EventMessageConfirm","confirm":"691b87dc-46c9-4d38-a7bf-a954d70877ba","ts":"2026-05-18T03:48:25.623-03:00","source":{"id":"0","name":"eventBus"}}
{"__type":"$$EventMessageWorkflow","id":"ac6f91f2-1f2f-4440-8a1d-11db16f2ad07","ts":"2026-05-18T03:48:26.372-03:00","eventName":"n8n.workflow.failed","message":"n8n.workflow.failed","payload":{"userId":"96f73f6e-e147-4b7c-8ba8-1b27a854bf68","executionId":"49","success":false,"isManual":true,"mode":"manual","workflowId":"lVtYfbCUXWv3Arnr","workflowName":"My workflow","projectId":"pzf4zflAEflwITXx","projectName":"Jefferson Silva <jefferson.admsistemas@gmail.com>","errorMessage":"The workflow has issues and cannot be executed for that reason. Please fix them first."}}
{"__type":"$$EventMessageConfirm","confirm":"ac6f91f2-1f2f-4440-8a1d-11db16f2ad07","ts":"2026-05-18T03:48:26.372-03:00","source":{"id":"0","name":"eventBus"}}
{"__type":"$$EventMessageAudit","id":"9a2636a3-582d-47c1-a643-5c098601efdf","ts":"2026-05-18T03:48:37.351-03:00","eventName":"n8n.audit.workflow.updated","message":"n8n.audit.workflow.updated","payload":{"userId":"96f73f6e-e147-4b7c-8ba8-1b27a854bf68","_email":"jefferson.admsistemas@gmail.com","_firstName":"Jefferson","_lastName":"Silva","globalRole":"global:owner","workflowId":"lVtYfbCUXWv3Arnr","workflowName":"My workflow"}}
{"__type":"$$EventMessageConfirm","confirm":"9a2636a3-582d-47c1-a643-5c098601efdf","ts":"2026-05-18T03:48:37.351-03:00","source":{"id":"0","name":"eventBus"}}
{"__type":"$$EventMessageAudit","id":"ed1d02c1-d3ab-4925-952c-73df4d69190d","ts":"2026-05-18T03:48:37.756-03:00","eventName":"n8n.audit.workflow.executed","message":"n8n.audit.workflow.executed","payload":{"userId":"96f73f6e-e147-4b7c-8ba8-1b27a854bf68","_email":"jefferson.admsistemas@gmail.com","_firstName":"Jefferson","_lastName":"Silva","globalRole":"global:owner","workflowId":"lVtYfbCUXWv3Arnr","workflowName":"My workflow","executionId":"50","source":"user-manual"}}
{"__type":"$$EventMessageConfirm","confirm":"ed1d02c1-d3ab-4925-952c-73df4d69190d","ts":"2026-05-18T03:48:37.756-03:00","source":{"id":"0","name":"eventBus"}}
{"__type":"$$EventMessageWorkflow","id":"e7665f72-457f-49c0-9ab2-e05cb19f13e2","ts":"2026-05-18T03:48:37.756-03:00","eventName":"n8n.workflow.started","message":"n8n.workflow.started","payload":{"executionId":"50","workflowId":"lVtYfbCUXWv3Arnr","isManual":false,"mode":"manual","workflowName":"My workflow","projectId":"pzf4zflAEflwITXx","projectName":"Jefferson Silva <jefferson.admsistemas@gmail.com>"}}
{"__type":"$$EventMessageConfirm","confirm":"e7665f72-457f-49c0-9ab2-e05cb19f13e2","ts":"2026-05-18T03:48:37.756-03:00","source":{"id":"0","name":"eventBus"}}
{"__type":"$$EventMessageNode","id":"f80f9bd9-383b-4b89-ab2f-4b717ff8dd2b","ts":"2026-05-18T03:48:37.765-03:00","eventName":"n8n.node.started","message":"n8n.node.started","payload":{"workflowId":"lVtYfbCUXWv3Arnr","workflowName":"My workflow","executionId":"50","nodeType":"n8n-nodes-base.manualTrigger","nodeName":"When clicking ‘Execute workflow’","nodeId":"2fcbf10a-2646-4fe0-84a3-8f321db66602"}}
{"__type":"$$EventMessageConfirm","confirm":"f80f9bd9-383b-4b89-ab2f-4b717ff8dd2b","ts":"2026-05-18T03:48:37.765-03:00","source":{"id":"0","name":"eventBus"}}
{"__type":"$$EventMessageNode","id":"378305aa-6e8a-4942-a901-799798538efa","ts":"2026-05-18T03:48:37.767-03:00","eventName":"n8n.node.finished","message":"n8n.node.finished","payload":{"workflowId":"lVtYfbCUXWv3Arnr","workflowName":"My workflow","executionId":"50","nodeType":"n8n-nodes-base.manualTrigger","nodeName":"When clicking ‘Execute workflow’","nodeId":"2fcbf10a-2646-4fe0-84a3-8f321db66602"}}
{"__type":"$$EventMessageConfirm","confirm":"378305aa-6e8a-4942-a901-799798538efa","ts":"2026-05-18T03:48:37.767-03:00","source":{"id":"0","name":"eventBus"}}
{"__type":"$$EventMessageNode","id":"2c6de556-bf8e-49fb-894f-d8492dc36f74","ts":"2026-05-18T03:48:37.768-03:00","eventName":"n8n.node.started","message":"n8n.node.started","payload":{"workflowId":"lVtYfbCUXWv3Arnr","workflowName":"My workflow","executionId":"50","nodeType":"CUSTOM.shopeeAffiliate","nodeName":"Shopee Affiliate","nodeId":"97747dcf-5e37-418c-add9-83de99782f10"}}
{"__type":"$$EventMessageConfirm","confirm":"2c6de556-bf8e-49fb-894f-d8492dc36f74","ts":"2026-05-18T03:48:37.768-03:00","source":{"id":"0","name":"eventBus"}}
{"__type":"$$EventMessageNode","id":"98a5d1c8-f1eb-4a4a-8c4e-75b1f8904328","ts":"2026-05-18T03:48:39.312-03:00","eventName":"n8n.node.finished","message":"n8n.node.finished","payload":{"workflowId":"lVtYfbCUXWv3Arnr","workflowName":"My workflow","executionId":"50","nodeType":"CUSTOM.shopeeAffiliate","nodeName":"Shopee Affiliate","nodeId":"97747dcf-5e37-418c-add9-83de99782f10"}}
{"__type":"$$EventMessageConfirm","confirm":"98a5d1c8-f1eb-4a4a-8c4e-75b1f8904328","ts":"2026-05-18T03:48:39.312-03:00","source":{"id":"0","name":"eventBus"}}
{"__type":"$$EventMessageWorkflow","id":"5c1a9943-149f-41b9-9c75-9dd99f72a954","ts":"2026-05-18T03:48:39.314-03:00","eventName":"n8n.workflow.success","message":"n8n.workflow.success","payload":{"userId":"96f73f6e-e147-4b7c-8ba8-1b27a854bf68","executionId":"50","success":true,"isManual":true,"mode":"manual","workflowId":"lVtYfbCUXWv3Arnr","workflowName":"My workflow","projectId":"pzf4zflAEflwITXx","projectName":"Jefferson Silva <jefferson.admsistemas@gmail.com>"}}
{"__type":"$$EventMessageConfirm","confirm":"5c1a9943-149f-41b9-9c75-9dd99f72a954","ts":"2026-05-18T03:48:39.314-03:00","source":{"id":"0","name":"eventBus"}}
{"__type":"$$EventMessageAudit","id":"78936a75-ee31-4154-a710-228198105dcc","ts":"2026-05-18T03:49:05.611-03:00","eventName":"n8n.audit.workflow.updated","message":"n8n.audit.workflow.updated","payload":{"userId":"96f73f6e-e147-4b7c-8ba8-1b27a854bf68","_email":"jefferson.admsistemas@gmail.com","_firstName":"Jefferson","_lastName":"Silva","globalRole":"global:owner","workflowId":"lVtYfbCUXWv3Arnr","workflowName":"My workflow"}}
{"__type":"$$EventMessageConfirm","confirm":"78936a75-ee31-4154-a710-228198105dcc","ts":"2026-05-18T03:49:05.611-03:00","source":{"id":"0","name":"eventBus"}}
{"__type":"$$EventMessageAudit","id":"36de9de7-01f7-4df6-9f3a-857d30f6a8dd","ts":"2026-05-18T03:49:05.886-03:00","eventName":"n8n.audit.workflow.executed","message":"n8n.audit.workflow.executed","payload":{"userId":"96f73f6e-e147-4b7c-8ba8-1b27a854bf68","_email":"jefferson.admsistemas@gmail.com","_firstName":"Jefferson","_lastName":"Silva","globalRole":"global:owner","workflowId":"lVtYfbCUXWv3Arnr","workflowName":"My workflow","executionId":"51","source":"user-manual"}}
{"__type":"$$EventMessageConfirm","confirm":"36de9de7-01f7-4df6-9f3a-857d30f6a8dd","ts":"2026-05-18T03:49:05.886-03:00","source":{"id":"0","name":"eventBus"}}
{"__type":"$$EventMessageWorkflow","id":"caa06024-06d7-4ab7-b7f6-721b03c71d4f","ts":"2026-05-18T03:49:05.886-03:00","eventName":"n8n.workflow.started","message":"n8n.workflow.started","payload":{"executionId":"51","workflowId":"lVtYfbCUXWv3Arnr","isManual":false,"mode":"manual","workflowName":"My workflow","projectId":"pzf4zflAEflwITXx","projectName":"Jefferson Silva <jefferson.admsistemas@gmail.com>"}}
{"__type":"$$EventMessageConfirm","confirm":"caa06024-06d7-4ab7-b7f6-721b03c71d4f","ts":"2026-05-18T03:49:05.886-03:00","source":{"id":"0","name":"eventBus"}}
{"__type":"$$EventMessageNode","id":"27c0a2d9-48c3-47f4-a2de-c12c25658022","ts":"2026-05-18T03:49:05.893-03:00","eventName":"n8n.node.started","message":"n8n.node.started","payload":{"workflowId":"lVtYfbCUXWv3Arnr","workflowName":"My workflow","executionId":"51","nodeType":"CUSTOM.shopeeAffiliate","nodeName":"Shopee Affiliate","nodeId":"97747dcf-5e37-418c-add9-83de99782f10"}}
{"__type":"$$EventMessageConfirm","confirm":"27c0a2d9-48c3-47f4-a2de-c12c25658022","ts":"2026-05-18T03:49:05.893-03:00","source":{"id":"0","name":"eventBus"}}
{"__type":"$$EventMessageNode","id":"04ad62de-82e6-4de1-af25-8943506063e6","ts":"2026-05-18T03:49:06.741-03:00","eventName":"n8n.node.finished","message":"n8n.node.finished","payload":{"workflowId":"lVtYfbCUXWv3Arnr","workflowName":"My workflow","executionId":"51","nodeType":"CUSTOM.shopeeAffiliate","nodeName":"Shopee Affiliate","nodeId":"97747dcf-5e37-418c-add9-83de99782f10"}}
{"__type":"$$EventMessageConfirm","confirm":"04ad62de-82e6-4de1-af25-8943506063e6","ts":"2026-05-18T03:49:06.741-03:00","source":{"id":"0","name":"eventBus"}}
{"__type":"$$EventMessageWorkflow","id":"cdbb4d27-74de-424f-b68a-347888d6d76d","ts":"2026-05-18T03:49:06.743-03:00","eventName":"n8n.workflow.success","message":"n8n.workflow.success","payload":{"userId":"96f73f6e-e147-4b7c-8ba8-1b27a854bf68","executionId":"51","success":true,"isManual":true,"mode":"manual","workflowId":"lVtYfbCUXWv3Arnr","workflowName":"My workflow","projectId":"pzf4zflAEflwITXx","projectName":"Jefferson Silva <jefferson.admsistemas@gmail.com>"}}
{"__type":"$$EventMessageConfirm","confirm":"cdbb4d27-74de-424f-b68a-347888d6d76d","ts":"2026-05-18T03:49:06.743-03:00","source":{"id":"0","name":"eventBus"}}
{"__type":"$$EventMessageAudit","id":"72fc3d86-7193-486d-b343-e7a078155d73","ts":"2026-05-18T03:49:15.621-03:00","eventName":"n8n.audit.workflow.updated","message":"n8n.audit.workflow.updated","payload":{"userId":"96f73f6e-e147-4b7c-8ba8-1b27a854bf68","_email":"jefferson.admsistemas@gmail.com","_firstName":"Jefferson","_lastName":"Silva","globalRole":"global:owner","workflowId":"lVtYfbCUXWv3Arnr","workflowName":"My workflow"}}
{"__type":"$$EventMessageConfirm","confirm":"72fc3d86-7193-486d-b343-e7a078155d73","ts":"2026-05-18T03:49:15.621-03:00","source":{"id":"0","name":"eventBus"}}
{"__type":"$$EventMessageAudit","id":"ad82047c-884d-4c0c-9b01-1ff5b0b3da0e","ts":"2026-05-18T03:49:15.813-03:00","eventName":"n8n.audit.workflow.executed","message":"n8n.audit.workflow.executed","payload":{"userId":"96f73f6e-e147-4b7c-8ba8-1b27a854bf68","_email":"jefferson.admsistemas@gmail.com","_firstName":"Jefferson","_lastName":"Silva","globalRole":"global:owner","workflowId":"lVtYfbCUXWv3Arnr","workflowName":"My workflow","executionId":"52","source":"user-manual"}}
{"__type":"$$EventMessageConfirm","confirm":"ad82047c-884d-4c0c-9b01-1ff5b0b3da0e","ts":"2026-05-18T03:49:15.813-03:00","source":{"id":"0","name":"eventBus"}}
{"__type":"$$EventMessageWorkflow","id":"05e1ca76-631c-4ed4-b450-becda1db47c9","ts":"2026-05-18T03:49:15.813-03:00","eventName":"n8n.workflow.started","message":"n8n.workflow.started","payload":{"executionId":"52","workflowId":"lVtYfbCUXWv3Arnr","isManual":false,"mode":"manual","workflowName":"My workflow","projectId":"pzf4zflAEflwITXx","projectName":"Jefferson Silva <jefferson.admsistemas@gmail.com>"}}
{"__type":"$$EventMessageConfirm","confirm":"05e1ca76-631c-4ed4-b450-becda1db47c9","ts":"2026-05-18T03:49:15.813-03:00","source":{"id":"0","name":"eventBus"}}
{"__type":"$$EventMessageNode","id":"e7a76d58-5f1d-4c31-a54d-be0a47580732","ts":"2026-05-18T03:49:15.820-03:00","eventName":"n8n.node.started","message":"n8n.node.started","payload":{"workflowId":"lVtYfbCUXWv3Arnr","workflowName":"My workflow","executionId":"52","nodeType":"CUSTOM.shopeeAffiliate","nodeName":"Shopee Affiliate","nodeId":"97747dcf-5e37-418c-add9-83de99782f10"}}
{"__type":"$$EventMessageConfirm","confirm":"e7a76d58-5f1d-4c31-a54d-be0a47580732","ts":"2026-05-18T03:49:15.820-03:00","source":{"id":"0","name":"eventBus"}}
{"__type":"$$EventMessageNode","id":"abe6cc9c-1cd0-49a7-9f09-c0965508edc8","ts":"2026-05-18T03:49:16.637-03:00","eventName":"n8n.node.finished","message":"n8n.node.finished","payload":{"workflowId":"lVtYfbCUXWv3Arnr","workflowName":"My workflow","executionId":"52","nodeType":"CUSTOM.shopeeAffiliate","nodeName":"Shopee Affiliate","nodeId":"97747dcf-5e37-418c-add9-83de99782f10"}}
{"__type":"$$EventMessageConfirm","confirm":"abe6cc9c-1cd0-49a7-9f09-c0965508edc8","ts":"2026-05-18T03:49:16.637-03:00","source":{"id":"0","name":"eventBus"}}
{"__type":"$$EventMessageWorkflow","id":"74e88149-ce73-4fc1-aa7b-a3bac4fc946e","ts":"2026-05-18T03:49:16.638-03:00","eventName":"n8n.workflow.success","message":"n8n.workflow.success","payload":{"userId":"96f73f6e-e147-4b7c-8ba8-1b27a854bf68","executionId":"52","success":true,"isManual":true,"mode":"manual","workflowId":"lVtYfbCUXWv3Arnr","workflowName":"My workflow","projectId":"pzf4zflAEflwITXx","projectName":"Jefferson Silva <jefferson.admsistemas@gmail.com>"}}
{"__type":"$$EventMessageConfirm","confirm":"74e88149-ce73-4fc1-aa7b-a3bac4fc946e","ts":"2026-05-18T03:49:16.638-03:00","source":{"id":"0","name":"eventBus"}}
